[debug] [2026-05-15T09:45:30.806Z] ----------------------------------------------------------------------
[debug] [2026-05-15T09:45:30.808Z] Command:       C:\Program Files\nodejs\node.exe C:\Users\avnis\AppData\Roaming\npm\node_modules\firebase-tools\lib\bin\firebase.js init
[debug] [2026-05-15T09:45:30.808Z] CLI Version:   15.18.0
[debug] [2026-05-15T09:45:30.809Z] Platform:      win32
[debug] [2026-05-15T09:45:30.809Z] Node Version:  v20.18.0
[debug] [2026-05-15T09:45:30.809Z] Time:          Fri May 15 2026 09:45:30 GMT+0000 (Greenwich Mean Time)
[debug] [2026-05-15T09:45:30.809Z] ----------------------------------------------------------------------
[debug] 
[info] 
     ######## #### ########  ######## ########     ###     ######  ########
     ##        ##  ##     ## ##       ##     ##  ##   ##  ##       ##
     ######    ##  ########  ######   ########  #########  ######  ######
     ##        ##  ##    ##  ##       ##     ## ##     ##       ## ##
     ##       #### ##     ## ######## ########  ##     ##  ######  ########

You're about to initialize a Firebase project in this directory:

  C:\Users\avnis\Desktop\code\Kiro\Sahil-software-developer

Before we get started, keep in mind:

  * You are initializing within an existing Firebase project directory

[info] 
=== Project Setup
[info] 
[info] First, let's associate this project directory with a Firebase project.
[info] You can create multiple project aliases by running firebase use --add, 
[info] 
[debug] [2026-05-15T09:45:41.537Z] > command requires scopes: ["email","openid","https://www.googleapis.com/auth/cloudplatformprojects.readonly","https://www.googleapis.com/auth/firebase","https://www.googleapis.com/auth/cloud-platform"]
[debug] [2026-05-15T09:45:41.538Z] > authorizing via signed-in user (sahilvishwakarma6260@gmail.com)
[debug] [2026-05-15T09:45:41.539Z] Checked if tokens are valid: true, expires at: 1778841862262
[debug] [2026-05-15T09:45:41.539Z] Checked if tokens are valid: true, expires at: 1778841862262
[debug] [2026-05-15T09:45:41.540Z] >>> [apiv2][query] GET https://firebase.googleapis.com/v1beta1/projects/sahil-vishwakarma [none]
[debug] [2026-05-15T09:45:42.003Z] <<< [apiv2][status] GET https://firebase.googleapis.com/v1beta1/projects/sahil-vishwakarma 403
[debug] [2026-05-15T09:45:42.003Z] <<< [apiv2][body] GET https://firebase.googleapis.com/v1beta1/projects/sahil-vishwakarma {"error":{"code":403,"message":"The caller does not have permission","status":"PERMISSION_DENIED"}}
[debug] [2026-05-15T09:45:42.004Z] Request to https://firebase.googleapis.com/v1beta1/projects/sahil-vishwakarma had HTTP Error: 403, The caller does not have permission
[debug] [2026-05-15T09:45:42.139Z] FirebaseError: Request to https://firebase.googleapis.com/v1beta1/projects/sahil-vishwakarma had HTTP Error: 403, The caller does not have permission
    at responseToError (C:\Users\avnis\AppData\Roaming\npm\node_modules\firebase-tools\lib\responseToError.js:53:12)
    at RetryOperation._fn (C:\Users\avnis\AppData\Roaming\npm\node_modules\firebase-tools\lib\apiv2.js:333:77)
    at process.processTicksAndRejections (node:internal/process/task_queues:95:5)
[error] 
[error] Error: Failed to get Firebase project sahil-vishwakarma. Please make sure the project exists and your account has permission to access it.
[debug] [2026-05-15T09:46:01.635Z] ----------------------------------------------------------------------
[debug] [2026-05-15T09:46:01.638Z] Command:       C:\Program Files\nodejs\node.exe C:\Users\avnis\AppData\Roaming\npm\node_modules\firebase-tools\lib\bin\firebase.js init
[debug] [2026-05-15T09:46:01.638Z] CLI Version:   15.18.0
[debug] [2026-05-15T09:46:01.638Z] Platform:      win32
[debug] [2026-05-15T09:46:01.638Z] Node Version:  v20.18.0
[debug] [2026-05-15T09:46:01.638Z] Time:          Fri May 15 2026 09:46:01 GMT+0000 (Greenwich Mean Time)
[debug] [2026-05-15T09:46:01.638Z] ----------------------------------------------------------------------
[debug] 
[info] 
     ######## #### ########  ######## ########     ###     ######  ########
     ##        ##  ##     ## ##       ##     ##  ##   ##  ##       ##
     ######    ##  ########  ######   ########  #########  ######  ######
     ##        ##  ##    ##  ##       ##     ## ##     ##       ## ##
     ##       #### ##     ## ######## ########  ##     ##  ######  ########

You're about to initialize a Firebase project in this directory:

  C:\Users\avnis\Desktop\code\Kiro\Sahil-software-developer

Before we get started, keep in mind:

  * You are initializing within an existing Firebase project directory

[info] 
=== Project Setup
[info] 
[info] First, let's associate this project directory with a Firebase project.
[info] You can create multiple project aliases by running firebase use --add, 
[info] 
[debug] [2026-05-15T09:46:06.797Z] > command requires scopes: ["email","openid","https://www.googleapis.com/auth/cloudplatformprojects.readonly","https://www.googleapis.com/auth/firebase","https://www.googleapis.com/auth/cloud-platform"]
[debug] [2026-05-15T09:46:06.797Z] > authorizing via signed-in user (sahilvishwakarma6260@gmail.com)
[debug] [2026-05-15T09:46:06.799Z] Checked if tokens are valid: true, expires at: 1778841862262
[debug] [2026-05-15T09:46:06.799Z] Checked if tokens are valid: true, expires at: 1778841862262
[debug] [2026-05-15T09:46:06.800Z] >>> [apiv2][query] GET https://firebase.googleapis.com/v1beta1/projects/sahil-vishwakarma [none]
[debug] [2026-05-15T09:46:07.533Z] <<< [apiv2][status] GET https://firebase.googleapis.com/v1beta1/projects/sahil-vishwakarma 403
[debug] [2026-05-15T09:46:07.533Z] <<< [apiv2][body] GET https://firebase.googleapis.com/v1beta1/projects/sahil-vishwakarma {"error":{"code":403,"message":"The caller does not have permission","status":"PERMISSION_DENIED"}}
[debug] [2026-05-15T09:46:07.533Z] Request to https://firebase.googleapis.com/v1beta1/projects/sahil-vishwakarma had HTTP Error: 403, The caller does not have permission
[debug] [2026-05-15T09:46:08.908Z] FirebaseError: Request to https://firebase.googleapis.com/v1beta1/projects/sahil-vishwakarma had HTTP Error: 403, The caller does not have permission
    at responseToError (C:\Users\avnis\AppData\Roaming\npm\node_modules\firebase-tools\lib\responseToError.js:53:12)
    at RetryOperation._fn (C:\Users\avnis\AppData\Roaming\npm\node_modules\firebase-tools\lib\apiv2.js:333:77)
    at process.processTicksAndRejections (node:internal/process/task_queues:95:5)
[error] 
[error] Error: Failed to get Firebase project sahil-vishwakarma. Please make sure the project exists and your account has permission to access it.
[debug] [2026-05-15T09:47:02.899Z] ----------------------------------------------------------------------
[debug] [2026-05-15T09:47:02.902Z] Command:       C:\Program Files\nodejs\node.exe C:\Users\avnis\AppData\Roaming\npm\node_modules\firebase-tools\lib\bin\firebase.js init
[debug] [2026-05-15T09:47:02.902Z] CLI Version:   15.18.0
[debug] [2026-05-15T09:47:02.902Z] Platform:      win32
[debug] [2026-05-15T09:47:02.902Z] Node Version:  v20.18.0
[debug] [2026-05-15T09:47:02.902Z] Time:          Fri May 15 2026 09:47:02 GMT+0000 (Greenwich Mean Time)
[debug] [2026-05-15T09:47:02.903Z] ----------------------------------------------------------------------
[debug] 
[info] 
     ######## #### ########  ######## ########     ###     ######  ########
     ##        ##  ##     ## ##       ##     ##  ##   ##  ##       ##
     ######    ##  ########  ######   ########  #########  ######  ######
     ##        ##  ##    ##  ##       ##     ## ##     ##       ## ##
     ##       #### ##     ## ######## ########  ##     ##  ######  ########

You're about to initialize a Firebase project in this directory:

  C:\Users\avnis\Desktop\code\Kiro\Sahil-software-developer

Before we get started, keep in mind:

  * You are initializing within an existing Firebase project directory

[info] 
=== Project Setup
[info] 
[info] First, let's associate this project directory with a Firebase project.
[info] You can create multiple project aliases by running firebase use --add, 
[info] 
[debug] [2026-05-15T09:47:08.046Z] > command requires scopes: ["email","openid","https://www.googleapis.com/auth/cloudplatformprojects.readonly","https://www.googleapis.com/auth/firebase","https://www.googleapis.com/auth/cloud-platform"]
[debug] [2026-05-15T09:47:08.047Z] > authorizing via signed-in user (sahilvishwakarma6260@gmail.com)
[debug] [2026-05-15T09:47:08.048Z] Checked if tokens are valid: true, expires at: 1778841862262
[debug] [2026-05-15T09:47:08.048Z] Checked if tokens are valid: true, expires at: 1778841862262
[debug] [2026-05-15T09:47:08.049Z] >>> [apiv2][query] GET https://firebase.googleapis.com/v1beta1/projects/sahil-vishwakarma [none]
[debug] [2026-05-15T09:47:08.730Z] <<< [apiv2][status] GET https://firebase.googleapis.com/v1beta1/projects/sahil-vishwakarma 403
[debug] [2026-05-15T09:47:08.730Z] <<< [apiv2][body] GET https://firebase.googleapis.com/v1beta1/projects/sahil-vishwakarma {"error":{"code":403,"message":"The caller does not have permission","status":"PERMISSION_DENIED"}}
[debug] [2026-05-15T09:47:08.731Z] Request to https://firebase.googleapis.com/v1beta1/projects/sahil-vishwakarma had HTTP Error: 403, The caller does not have permission
[debug] [2026-05-15T09:47:08.892Z] FirebaseError: Request to https://firebase.googleapis.com/v1beta1/projects/sahil-vishwakarma had HTTP Error: 403, The caller does not have permission
    at responseToError (C:\Users\avnis\AppData\Roaming\npm\node_modules\firebase-tools\lib\responseToError.js:53:12)
    at RetryOperation._fn (C:\Users\avnis\AppData\Roaming\npm\node_modules\firebase-tools\lib\apiv2.js:333:77)
    at process.processTicksAndRejections (node:internal/process/task_queues:95:5)
[error] 
[error] Error: Failed to get Firebase project sahil-vishwakarma. Please make sure the project exists and your account has permission to access it.
